app/build/intermediates/manifest_merge_blame_file/debug/processDebugMainManifest/manifest-merger-blame-debug-report.txt
1<?xml version="1.0" encoding="utf-8"?>
2<manifest xmlns:android="http://schemas.android.com/apk/res/android"
3    package="com.neuropulse.app"
4    android:versionCode="1"
5    android:versionName="1.0" >
6
7    <uses-sdk
8        android:minSdkVersion="26"
9        android:targetSdkVersion="34" />
10
11    <!-- Permissions -->
12    <uses-permission android:name="android.permission.FOREGROUND_SERVICE" />
12-->src\main\AndroidManifest.xml:7:5-77
12-->src\main\AndroidManifest.xml:7:22-74
13    <uses-permission android:name="android.permission.FOREGROUND_SERVICE_DATA_SYNC" />
13-->src\main\AndroidManifest.xml:8:5-108
13-->src\main\AndroidManifest.xml:8:22-84
14    <uses-permission android:name="android.permission.POST_NOTIFICATIONS" />
14-->src\main\AndroidManifest.xml:9:5-77
14-->src\main\AndroidManifest.xml:9:22-74
15    <uses-permission android:name="android.permission.PACKAGE_USAGE_STATS" />
15-->src\main\AndroidManifest.xml:10:5-11:47
15-->src\main\AndroidManifest.xml:10:22-75
16    <uses-permission android:name="android.permission.GET_TASKS" />
16-->src\main\AndroidManifest.xml:12:5-68
16-->src\main\AndroidManifest.xml:12:22-65
17    <uses-permission android:name="android.permission.WAKE_LOCK" />
17-->src\main\AndroidManifest.xml:13:5-68
17-->src\main\AndroidManifest.xml:13:22-65
18
19    <permission
19-->[androidx.core:core:1.13.1] AndroidManifest.xml:22:5-24:47
20        android:name="com.neuropulse.app.DYNAMIC_RECEIVER_NOT_EXPORTED_PERMISSION"
20-->[androidx.core:core:1.13.1] AndroidManifest.xml:23:9-81
21        android:protectionLevel="signature" />
21-->[androidx.core:core:1.13.1] AndroidManifest.xml:24:9-44
22
23    <uses-permission android:name="com.neuropulse.app.DYNAMIC_RECEIVER_NOT_EXPORTED_PERMISSION" />
23-->[androidx.core:core:1.13.1] AndroidManifest.xml:26:5-97
23-->[androidx.core:core:1.13.1] AndroidManifest.xml:26:22-94
24
25    <application
25-->src\main\AndroidManifest.xml:15:5-75:19
26        android:allowBackup="true"
26-->src\main\AndroidManifest.xml:16:9-35
27        android:appComponentFactory="androidx.core.app.CoreComponentFactory"
27-->[androidx.core:core:1.13.1] AndroidManifest.xml:28:18-86
28        android:debuggable="true"
29        android:extractNativeLibs="false"
30        android:icon="@mipmap/ic_launcher"
30-->src\main\AndroidManifest.xml:17:9-43
31        android:label="Neuropulse"
31-->src\main\AndroidManifest.xml:18:9-35
32        android:roundIcon="@mipmap/ic_launcher"
32-->src\main\AndroidManifest.xml:19:9-48
33        android:supportsRtl="true"
33-->src\main\AndroidManifest.xml:20:9-35
34        android:theme="@style/Theme.Neuropulse" >
34-->src\main\AndroidManifest.xml:21:9-48
35
36        <!-- Main Launcher Activity -->
37        <activity
37-->src\main\AndroidManifest.xml:24:9-32:20
38            android:name="com.neuropulse.app.MainActivity"
38-->src\main\AndroidManifest.xml:25:13-41
39            android:exported="true"
39-->src\main\AndroidManifest.xml:26:13-36
40            android:launchMode="singleTop" >
40-->src\main\AndroidManifest.xml:27:13-43
41            <intent-filter>
41-->src\main\AndroidManifest.xml:28:13-31:29
42                <action android:name="android.intent.action.MAIN" />
42-->src\main\AndroidManifest.xml:29:17-69
42-->src\main\AndroidManifest.xml:29:25-66
43
44                <category android:name="android.intent.category.LAUNCHER" />
44-->src\main\AndroidManifest.xml:30:17-77
44-->src\main\AndroidManifest.xml:30:27-74
45            </intent-filter>
46        </activity>
47
48        <!-- Debug Activity -->
49        <activity
49-->src\main\AndroidManifest.xml:35:9-38:58
50            android:name="com.neuropulse.app.DebugActivity"
50-->src\main\AndroidManifest.xml:36:13-42
51            android:exported="false"
51-->src\main\AndroidManifest.xml:37:13-37
52            android:parentActivityName="com.neuropulse.app.MainActivity" />
52-->src\main\AndroidManifest.xml:38:13-55
53
54        <!-- Service for monitoring app usage -->
55        <service
55-->src\main\AndroidManifest.xml:41:9-45:56
56            android:name="com.neuropulse.app.UsageMonitorService"
56-->src\main\AndroidManifest.xml:42:13-48
57            android:enabled="true"
57-->src\main\AndroidManifest.xml:43:13-35
58            android:exported="false"
58-->src\main\AndroidManifest.xml:44:13-37
59            android:foregroundServiceType="dataSync" />
59-->src\main\AndroidManifest.xml:45:13-53
60
61        <!-- Service for detecting spikes -->
62        <service
62-->src\main\AndroidManifest.xml:48:9-51:40
63            android:name="com.neuropulse.app.SpikeDetectionService"
63-->src\main\AndroidManifest.xml:49:13-50
64            android:enabled="true"
64-->src\main\AndroidManifest.xml:50:13-35
65            android:exported="false" />
65-->src\main\AndroidManifest.xml:51:13-37
66
67        <!-- Notification Listener Service -->
68        <service
68-->src\main\AndroidManifest.xml:54:9-62:19
69            android:name="com.neuropulse.app.NLService"
69-->src\main\AndroidManifest.xml:55:13-38
70            android:exported="true"
70-->src\main\AndroidManifest.xml:58:13-36
71            android:label="Neuropulse Notification Access"
71-->src\main\AndroidManifest.xml:56:13-59
72            android:permission="android.permission.BIND_NOTIFICATION_LISTENER_SERVICE" >
72-->src\main\AndroidManifest.xml:57:13-87
73            <intent-filter>
73-->src\main\AndroidManifest.xml:59:13-61:29
74                <action android:name="android.service.notification.NotificationListenerService" />
74-->src\main\AndroidManifest.xml:60:17-99
74-->src\main\AndroidManifest.xml:60:25-96
75            </intent-filter>
76        </service>
77
78        <!-- Unlock Receiver -->
79        <receiver
79-->src\main\AndroidManifest.xml:65:9-73:20
80            android:name="com.neuropulse.app.UnlockReceiver"
80-->src\main\AndroidManifest.xml:66:13-43
81            android:enabled="true"
81-->src\main\AndroidManifest.xml:67:13-35
82            android:exported="true" >
82-->src\main\AndroidManifest.xml:68:13-36
83            <intent-filter android:priority="1000" >
83-->src\main\AndroidManifest.xml:69:13-72:29
83-->src\main\AndroidManifest.xml:69:28-51
84                <action android:name="android.intent.action.USER_PRESENT" />
84-->src\main\AndroidManifest.xml:70:17-77
84-->src\main\AndroidManifest.xml:70:25-74
85                <action android:name="android.intent.action.SCREEN_ON" />
85-->src\main\AndroidManifest.xml:71:17-74
85-->src\main\AndroidManifest.xml:71:25-71
86            </intent-filter>
87        </receiver>
88
89        <provider
89-->[androidx.emoji2:emoji2:1.3.0] AndroidManifest.xml:24:9-32:20
90            android:name="androidx.startup.InitializationProvider"
90-->[androidx.emoji2:emoji2:1.3.0] AndroidManifest.xml:25:13-67
91            android:authorities="com.neuropulse.app.androidx-startup"
91-->[androidx.emoji2:emoji2:1.3.0] AndroidManifest.xml:26:13-68
92            android:exported="false" >
92-->[androidx.emoji2:emoji2:1.3.0] AndroidManifest.xml:27:13-37
93            <meta-data
93-->[androidx.emoji2:emoji2:1.3.0] AndroidManifest.xml:29:13-31:52
94                android:name="androidx.emoji2.text.EmojiCompatInitializer"
94-->[androidx.emoji2:emoji2:1.3.0] AndroidManifest.xml:30:17-75
95                android:value="androidx.startup" />
95-->[androidx.emoji2:emoji2:1.3.0] AndroidManifest.xml:31:17-49
96            <meta-data
96-->[androidx.lifecycle:lifecycle-process:2.6.2] AndroidManifest.xml:29:13-31:52
97                android:name="androidx.lifecycle.ProcessLifecycleInitializer"
97-->[androidx.lifecycle:lifecycle-process:2.6.2] AndroidManifest.xml:30:17-78
98                android:value="androidx.startup" />
98-->[androidx.lifecycle:lifecycle-process:2.6.2] AndroidManifest.xml:31:17-49
99            <meta-data
99-->[androidx.profileinstaller:profileinstaller:1.3.1] AndroidManifest.xml:29:13-31:52
100                android:name="androidx.profileinstaller.ProfileInstallerInitializer"
100-->[androidx.profileinstaller:profileinstaller:1.3.1] AndroidManifest.xml:30:17-85
101                android:value="androidx.startup" />
101-->[androidx.profileinstaller:profileinstaller:1.3.1] AndroidManifest.xml:31:17-49
102        </provider>
103
104        <service
104-->[androidx.room:room-runtime:2.5.2] AndroidManifest.xml:24:9-28:63
105            android:name="androidx.room.MultiInstanceInvalidationService"
105-->[androidx.room:room-runtime:2.5.2] AndroidManifest.xml:25:13-74
106            android:directBootAware="true"
106-->[androidx.room:room-runtime:2.5.2] AndroidManifest.xml:26:13-43
107            android:exported="false" />
107-->[androidx.room:room-runtime:2.5.2] AndroidManifest.xml:27:13-37
108
109        <receiver
109-->[androidx.profileinstaller:profileinstaller:1.3.1] AndroidManifest.xml:34:9-52:20
110            android:name="androidx.profileinstaller.ProfileInstallReceiver"
110-->[androidx.profileinstaller:profileinstaller:1.3.1] AndroidManifest.xml:35:13-76
111            android:directBootAware="false"
111-->[androidx.profileinstaller:profileinstaller:1.3.1] AndroidManifest.xml:36:13-44
112            android:enabled="true"
112-->[androidx.profileinstaller:profileinstaller:1.3.1] AndroidManifest.xml:37:13-35
113            android:exported="true"
113-->[androidx.profileinstaller:profileinstaller:1.3.1] AndroidManifest.xml:38:13-36
114            android:permission="android.permission.DUMP" >
114-->[androidx.profileinstaller:profileinstaller:1.3.1] AndroidManifest.xml:39:13-57
115            <intent-filter>
115-->[androidx.profileinstaller:profileinstaller:1.3.1] AndroidManifest.xml:40:13-42:29
116                <action android:name="androidx.profileinstaller.action.INSTALL_PROFILE" />
116-->[androidx.profileinstaller:profileinstaller:1.3.1] AndroidManifest.xml:41:17-91
116-->[androidx.profileinstaller:profileinstaller:1.3.1] AndroidManifest.xml:41:25-88
117            </intent-filter>
118            <intent-filter>
118-->[androidx.profileinstaller:profileinstaller:1.3.1] AndroidManifest.xml:43:13-45:29
119                <action android:name="androidx.profileinstaller.action.SKIP_FILE" />
119-->[androidx.profileinstaller:profileinstaller:1.3.1] AndroidManifest.xml:44:17-85
119-->[androidx.profileinstaller:profileinstaller:1.3.1] AndroidManifest.xml:44:25-82
120            </intent-filter>
121            <intent-filter>
121-->[androidx.profileinstaller:profileinstaller:1.3.1] AndroidManifest.xml:46:13-48:29
122                <action android:name="androidx.profileinstaller.action.SAVE_PROFILE" />
122-->[androidx.profileinstaller:profileinstaller:1.3.1] AndroidManifest.xml:47:17-88
122-->[androidx.profileinstaller:profileinstaller:1.3.1] AndroidManifest.xml:47:25-85
123            </intent-filter>
124            <intent-filter>
124-->[androidx.profileinstaller:profileinstaller:1.3.1] AndroidManifest.xml:49:13-51:29
125                <action android:name="androidx.profileinstaller.action.BENCHMARK_OPERATION" />
125-->[androidx.profileinstaller:profileinstaller:1.3.1] AndroidManifest.xml:50:17-95
125-->[androidx.profileinstaller:profileinstaller:1.3.1] AndroidManifest.xml:50:25-92
126            </intent-filter>
127        </receiver>
128    </application>
129
130</manifest>